2013/08/25 14:53:30 [error] [exception.CDbException] exception 'CDbException' with message 'CDbConnection failed to open the DB connection: SQLSTATE[28000] [1045] Access denied for user 'yii'@'localhost' (using password: YES)' in /data/Development/libs/yii-git/yii/framework/db/CDbConnection.php:382
Stack trace:
#0 /data/Development/libs/yii-git/yii/framework/db/CDbConnection.php(330): CDbConnection->open()
#1 /data/Development/libs/yii-git/yii/framework/db/CDbConnection.php(308): CDbConnection->setActive(true)
#2 /data/Development/libs/yii-git/yii/framework/base/CModule.php(387): CDbConnection->init()
#3 /data/Development/libs/yii-git/yii/framework/base/CModule.php(103): CModule->getComponent('db')
#4 /data/Development/libs/yii-git/yii/framework/gii/generators/model/ModelCode.php(60): CModule->__get('db')
#5 /data/Development/libs/yii-git/yii/framework/web/CFormModel.php(39): ModelCode->init()
#6 /data/Development/libs/yii-git/yii/framework/gii/CCodeGenerator.php(153): CFormModel->__construct()
#7 /data/Development/libs/yii-git/yii/framework/gii/CCodeGenerator.php(63): CCodeGenerator->prepare()
#8 /data/Development/libs/yii-git/yii/framework/web/actions/CInlineAction.php(49): CCodeGenerator->actionIndex()
#9 /data/Development/libs/yii-git/yii/framework/web/CController.php(308): CInlineAction->runWithParams(Array)
#10 /data/Development/libs/yii-git/yii/framework/web/CController.php(286): CController->runAction(Object(CInlineAction))
#11 /data/Development/libs/yii-git/yii/framework/web/CController.php(265): CController->runActionWithFilters(Object(CInlineAction), Array)
#12 /data/Development/libs/yii-git/yii/framework/web/CWebApplication.php(282): CController->run('index')
#13 /data/Development/libs/yii-git/yii/framework/web/CWebApplication.php(141): CWebApplication->runController('gii/model/index')
#14 /data/Development/libs/yii-git/yii/framework/base/CApplication.php(180): CWebApplication->processRequest()
#15 /data/Development/YiiProject4/index.php(13): CApplication->run()
#16 {main}
REQUEST_URI=/YiiProject4/index.php?r=gii/model/index
HTTP_REFERER=http://localhost/YiiProject4/index.php?r=gii
---
2013/08/25 15:03:06 [error] [exception.CHttpException.403] exception 'CHttpException' with message 'You are not authorized to perform this action.' in /data/Development/libs/yii-git/yii/framework/web/auth/CAccessControlFilter.php:182
Stack trace:
#0 /data/Development/libs/yii-git/yii/framework/web/auth/CAccessControlFilter.php(145): CAccessControlFilter->accessDenied(Object(CWebUser), 'You are not aut...')
#1 /data/Development/libs/yii-git/yii/framework/web/filters/CFilter.php(38): CAccessControlFilter->preFilter(Object(CFilterChain))
#2 /data/Development/libs/yii-git/yii/framework/web/CController.php(1145): CFilter->filter(Object(CFilterChain))
#3 /data/Development/libs/yii-git/yii/framework/web/filters/CInlineFilter.php(58): CController->filterAccessControl(Object(CFilterChain))
#4 /data/Development/libs/yii-git/yii/framework/web/filters/CFilterChain.php(130): CInlineFilter->filter(Object(CFilterChain))
#5 /data/Development/libs/yii-git/yii/framework/web/CController.php(291): CFilterChain->run()
#6 /data/Development/libs/yii-git/yii/framework/web/CController.php(265): CController->runActionWithFilters(Object(CInlineAction), Array)
#7 /data/Development/libs/yii-git/yii/framework/web/CWebApplication.php(282): CController->run('admin')
#8 /data/Development/libs/yii-git/yii/framework/web/CWebApplication.php(141): CWebApplication->runController('group/admin')
#9 /data/Development/libs/yii-git/yii/framework/base/CApplication.php(180): CWebApplication->processRequest()
#10 /data/Development/YiiProject4/index.php(13): CApplication->run()
#11 {main}
REQUEST_URI=/YiiProject4/index.php?r=group/admin
HTTP_REFERER=http://localhost/YiiProject4/index.php?r=group
---
2013/08/26 13:24:10 [error] [exception.CHttpException.403] exception 'CHttpException' with message 'You are not authorized to perform this action.' in /data/Development/libs/yii-git/yii/framework/web/auth/CAccessControlFilter.php:182
Stack trace:
#0 /data/Development/libs/yii-git/yii/framework/web/auth/CAccessControlFilter.php(145): CAccessControlFilter->accessDenied(Object(CWebUser), 'You are not aut...')
#1 /data/Development/libs/yii-git/yii/framework/web/filters/CFilter.php(38): CAccessControlFilter->preFilter(Object(CFilterChain))
#2 /data/Development/libs/yii-git/yii/framework/web/CController.php(1145): CFilter->filter(Object(CFilterChain))
#3 /data/Development/libs/yii-git/yii/framework/web/filters/CInlineFilter.php(58): CController->filterAccessControl(Object(CFilterChain))
#4 /data/Development/libs/yii-git/yii/framework/web/filters/CFilterChain.php(130): CInlineFilter->filter(Object(CFilterChain))
#5 /data/Development/libs/yii-git/yii/framework/web/CController.php(291): CFilterChain->run()
#6 /data/Development/libs/yii-git/yii/framework/web/CController.php(265): CController->runActionWithFilters(Object(CInlineAction), Array)
#7 /data/Development/libs/yii-git/yii/framework/web/CWebApplication.php(282): CController->run('showArticles')
#8 /data/Development/libs/yii-git/yii/framework/web/CWebApplication.php(141): CWebApplication->runController('article/showArt...')
#9 /data/Development/libs/yii-git/yii/framework/base/CApplication.php(180): CWebApplication->processRequest()
#10 /data/Development/YiiProject4/index.php(13): CApplication->run()
#11 {main}
REQUEST_URI=/YiiProject4/index.php?r=article/showArticles
---
2013/08/26 13:25:11 [error] [php] Undefined variable: model (/data/Development/YiiProject4/protected/views/article/showArticles.php:13)
Stack trace:
#0 /data/Development/libs/yii-git/yii/framework/web/CController.php(869): ArticleController->renderFile()
#1 /data/Development/libs/yii-git/yii/framework/web/CController.php(782): ArticleController->renderPartial()
#2 /data/Development/YiiProject4/protected/controllers/ArticleController.php(176): ArticleController->render()
#3 /data/Development/libs/yii-git/yii/framework/web/actions/CInlineAction.php(49): ArticleController->actionShowArticles()
#4 /data/Development/libs/yii-git/yii/framework/web/CController.php(308): CInlineAction->runWithParams()
#5 /data/Development/libs/yii-git/yii/framework/web/filters/CFilterChain.php(133): ArticleController->runAction()
#6 /data/Development/libs/yii-git/yii/framework/web/filters/CFilter.php(40): CFilterChain->run()
#7 /data/Development/libs/yii-git/yii/framework/web/CController.php(1145): CAccessControlFilter->filter()
#8 /data/Development/libs/yii-git/yii/framework/web/filters/CInlineFilter.php(58): ArticleController->filterAccessControl()
#9 /data/Development/libs/yii-git/yii/framework/web/filters/CFilterChain.php(130): CInlineFilter->filter()
#10 /data/Development/libs/yii-git/yii/framework/web/CController.php(291): CFilterChain->run()
#11 /data/Development/libs/yii-git/yii/framework/web/CController.php(265): ArticleController->runActionWithFilters()
#12 /data/Development/libs/yii-git/yii/framework/web/CWebApplication.php(282): ArticleController->run()
#13 /data/Development/libs/yii-git/yii/framework/web/CWebApplication.php(141): CWebApplication->runController()
#14 /data/Development/libs/yii-git/yii/framework/base/CApplication.php(180): CWebApplication->processRequest()
#15 /data/Development/YiiProject4/index.php(13): CWebApplication->run()
REQUEST_URI=/YiiProject4/index.php?r=article/showArticles
in /data/Development/YiiProject4/protected/views/article/showArticles.php (13)
in /data/Development/YiiProject4/protected/controllers/ArticleController.php (176)
in /data/Development/YiiProject4/index.php (13)
2013/08/26 13:26:18 [error] [php] Undefined variable: model (/data/Development/YiiProject4/protected/views/article/showArticles.php:14)
Stack trace:
#0 /data/Development/libs/yii-git/yii/framework/web/CController.php(869): ArticleController->renderFile()
#1 /data/Development/libs/yii-git/yii/framework/web/CController.php(782): ArticleController->renderPartial()
#2 /data/Development/YiiProject4/protected/controllers/ArticleController.php(176): ArticleController->render()
#3 /data/Development/libs/yii-git/yii/framework/web/actions/CInlineAction.php(49): ArticleController->actionShowArticles()
#4 /data/Development/libs/yii-git/yii/framework/web/CController.php(308): CInlineAction->runWithParams()
#5 /data/Development/libs/yii-git/yii/framework/web/filters/CFilterChain.php(133): ArticleController->runAction()
#6 /data/Development/libs/yii-git/yii/framework/web/filters/CFilter.php(40): CFilterChain->run()
#7 /data/Development/libs/yii-git/yii/framework/web/CController.php(1145): CAccessControlFilter->filter()
#8 /data/Development/libs/yii-git/yii/framework/web/filters/CInlineFilter.php(58): ArticleController->filterAccessControl()
#9 /data/Development/libs/yii-git/yii/framework/web/filters/CFilterChain.php(130): CInlineFilter->filter()
#10 /data/Development/libs/yii-git/yii/framework/web/CController.php(291): CFilterChain->run()
#11 /data/Development/libs/yii-git/yii/framework/web/CController.php(265): ArticleController->runActionWithFilters()
#12 /data/Development/libs/yii-git/yii/framework/web/CWebApplication.php(282): ArticleController->run()
#13 /data/Development/libs/yii-git/yii/framework/web/CWebApplication.php(141): CWebApplication->runController()
#14 /data/Development/libs/yii-git/yii/framework/base/CApplication.php(180): CWebApplication->processRequest()
#15 /data/Development/YiiProject4/index.php(13): CWebApplication->run()
REQUEST_URI=/YiiProject4/index.php?r=article/showArticles
in /data/Development/YiiProject4/protected/views/article/showArticles.php (14)
in /data/Development/YiiProject4/protected/controllers/ArticleController.php (176)
in /data/Development/YiiProject4/index.php (13)
2013/08/26 13:26:25 [error] [php] Undefined variable: model (/data/Development/YiiProject4/protected/views/article/showArticles.php:19)
Stack trace:
#0 /data/Development/libs/yii-git/yii/framework/web/CController.php(869): ArticleController->renderFile()
#1 /data/Development/libs/yii-git/yii/framework/web/CController.php(782): ArticleController->renderPartial()
#2 /data/Development/YiiProject4/protected/controllers/ArticleController.php(176): ArticleController->render()
#3 /data/Development/libs/yii-git/yii/framework/web/actions/CInlineAction.php(49): ArticleController->actionShowArticles()
#4 /data/Development/libs/yii-git/yii/framework/web/CController.php(308): CInlineAction->runWithParams()
#5 /data/Development/libs/yii-git/yii/framework/web/filters/CFilterChain.php(133): ArticleController->runAction()
#6 /data/Development/libs/yii-git/yii/framework/web/filters/CFilter.php(40): CFilterChain->run()
#7 /data/Development/libs/yii-git/yii/framework/web/CController.php(1145): CAccessControlFilter->filter()
#8 /data/Development/libs/yii-git/yii/framework/web/filters/CInlineFilter.php(58): ArticleController->filterAccessControl()
#9 /data/Development/libs/yii-git/yii/framework/web/filters/CFilterChain.php(130): CInlineFilter->filter()
#10 /data/Development/libs/yii-git/yii/framework/web/CController.php(291): CFilterChain->run()
#11 /data/Development/libs/yii-git/yii/framework/web/CController.php(265): ArticleController->runActionWithFilters()
#12 /data/Development/libs/yii-git/yii/framework/web/CWebApplication.php(282): ArticleController->run()
#13 /data/Development/libs/yii-git/yii/framework/web/CWebApplication.php(141): CWebApplication->runController()
#14 /data/Development/libs/yii-git/yii/framework/base/CApplication.php(180): CWebApplication->processRequest()
#15 /data/Development/YiiProject4/index.php(13): CWebApplication->run()
REQUEST_URI=/YiiProject4/index.php?r=article/showArticles
in /data/Development/YiiProject4/protected/views/article/showArticles.php (19)
in /data/Development/YiiProject4/protected/controllers/ArticleController.php (176)
in /data/Development/YiiProject4/index.php (13)
2013/08/26 13:26:53 [error] [php] Undefined variable: model (/data/Development/YiiProject4/protected/views/article/showArticles.php:22)
Stack trace:
#0 /data/Development/libs/yii-git/yii/framework/web/CController.php(869): ArticleController->renderFile()
#1 /data/Development/libs/yii-git/yii/framework/web/CController.php(782): ArticleController->renderPartial()
#2 /data/Development/YiiProject4/protected/controllers/ArticleController.php(176): ArticleController->render()
#3 /data/Development/libs/yii-git/yii/framework/web/actions/CInlineAction.php(49): ArticleController->actionShowArticles()
#4 /data/Development/libs/yii-git/yii/framework/web/CController.php(308): CInlineAction->runWithParams()
#5 /data/Development/libs/yii-git/yii/framework/web/filters/CFilterChain.php(133): ArticleController->runAction()
#6 /data/Development/libs/yii-git/yii/framework/web/filters/CFilter.php(40): CFilterChain->run()
#7 /data/Development/libs/yii-git/yii/framework/web/CController.php(1145): CAccessControlFilter->filter()
#8 /data/Development/libs/yii-git/yii/framework/web/filters/CInlineFilter.php(58): ArticleController->filterAccessControl()
#9 /data/Development/libs/yii-git/yii/framework/web/filters/CFilterChain.php(130): CInlineFilter->filter()
#10 /data/Development/libs/yii-git/yii/framework/web/CController.php(291): CFilterChain->run()
#11 /data/Development/libs/yii-git/yii/framework/web/CController.php(265): ArticleController->runActionWithFilters()
#12 /data/Development/libs/yii-git/yii/framework/web/CWebApplication.php(282): ArticleController->run()
#13 /data/Development/libs/yii-git/yii/framework/web/CWebApplication.php(141): CWebApplication->runController()
#14 /data/Development/libs/yii-git/yii/framework/base/CApplication.php(180): CWebApplication->processRequest()
#15 /data/Development/YiiProject4/index.php(13): CWebApplication->run()
REQUEST_URI=/YiiProject4/index.php?r=article/showArticles
in /data/Development/YiiProject4/protected/views/article/showArticles.php (22)
in /data/Development/YiiProject4/protected/controllers/ArticleController.php (176)
in /data/Development/YiiProject4/index.php (13)
2013/08/26 13:30:23 [error] [php] Trying to get property of non-object (/data/Development/YiiProject4/protected/views/article/showArticles.php:24)
Stack trace:
#0 /data/Development/libs/yii-git/yii/framework/web/CController.php(869): ArticleController->renderFile()
#1 /data/Development/libs/yii-git/yii/framework/web/CController.php(782): ArticleController->renderPartial()
#2 /data/Development/YiiProject4/protected/controllers/ArticleController.php(184): ArticleController->render()
#3 /data/Development/libs/yii-git/yii/framework/web/actions/CInlineAction.php(49): ArticleController->actionShowArticles()
#4 /data/Development/libs/yii-git/yii/framework/web/CController.php(308): CInlineAction->runWithParams()
#5 /data/Development/libs/yii-git/yii/framework/web/filters/CFilterChain.php(133): ArticleController->runAction()
#6 /data/Development/libs/yii-git/yii/framework/web/filters/CFilter.php(40): CFilterChain->run()
#7 /data/Development/libs/yii-git/yii/framework/web/CController.php(1145): CAccessControlFilter->filter()
#8 /data/Development/libs/yii-git/yii/framework/web/filters/CInlineFilter.php(58): ArticleController->filterAccessControl()
#9 /data/Development/libs/yii-git/yii/framework/web/filters/CFilterChain.php(130): CInlineFilter->filter()
#10 /data/Development/libs/yii-git/yii/framework/web/CController.php(291): CFilterChain->run()
#11 /data/Development/libs/yii-git/yii/framework/web/CController.php(265): ArticleController->runActionWithFilters()
#12 /data/Development/libs/yii-git/yii/framework/web/CWebApplication.php(282): ArticleController->run()
#13 /data/Development/libs/yii-git/yii/framework/web/CWebApplication.php(141): CWebApplication->runController()
#14 /data/Development/libs/yii-git/yii/framework/base/CApplication.php(180): CWebApplication->processRequest()
#15 /data/Development/YiiProject4/index.php(13): CWebApplication->run()
REQUEST_URI=/YiiProject4/index.php?r=article/showArticles
in /data/Development/YiiProject4/protected/views/article/showArticles.php (24)
in /data/Development/YiiProject4/protected/controllers/ArticleController.php (184)
in /data/Development/YiiProject4/index.php (13)
2013/08/26 13:40:16 [error] [php] Array to string conversion (/data/Development/YiiProject4/protected/controllers/ArticleController.php:180)
Stack trace:
#0 /data/Development/libs/yii-git/yii/framework/web/filters/CFilterChain.php(133): ArticleController->runAction()
#1 /data/Development/libs/yii-git/yii/framework/web/filters/CFilter.php(40): CFilterChain->run()
#2 /data/Development/libs/yii-git/yii/framework/web/CController.php(1145): CAccessControlFilter->filter()
#3 /data/Development/libs/yii-git/yii/framework/web/filters/CInlineFilter.php(58): ArticleController->filterAccessControl()
#4 /data/Development/libs/yii-git/yii/framework/web/filters/CFilterChain.php(130): CInlineFilter->filter()
#5 /data/Development/libs/yii-git/yii/framework/web/CController.php(291): CFilterChain->run()
#6 /data/Development/libs/yii-git/yii/framework/web/CController.php(265): ArticleController->runActionWithFilters()
#7 /data/Development/libs/yii-git/yii/framework/web/CWebApplication.php(282): ArticleController->run()
#8 /data/Development/libs/yii-git/yii/framework/web/CWebApplication.php(141): CWebApplication->runController()
#9 /data/Development/libs/yii-git/yii/framework/base/CApplication.php(180): CWebApplication->processRequest()
#10 /data/Development/YiiProject4/index.php(13): CWebApplication->run()
REQUEST_URI=/YiiProject4/index.php?r=article/showArticles
in /data/Development/YiiProject4/protected/controllers/ArticleController.php (180)
in /data/Development/YiiProject4/index.php (13)
2013/08/26 13:40:38 [error] [php] Object of class Article could not be converted to string (/data/Development/YiiProject4/protected/views/article/showArticles.php:26)
Stack trace:
#0 /data/Development/libs/yii-git/yii/framework/web/CController.php(869): ArticleController->renderFile()
#1 /data/Development/libs/yii-git/yii/framework/web/CController.php(782): ArticleController->renderPartial()
#2 /data/Development/YiiProject4/protected/controllers/ArticleController.php(181): ArticleController->render()
#3 /data/Development/libs/yii-git/yii/framework/web/actions/CInlineAction.php(49): ArticleController->actionShowArticles()
#4 /data/Development/libs/yii-git/yii/framework/web/CController.php(308): CInlineAction->runWithParams()
#5 /data/Development/libs/yii-git/yii/framework/web/filters/CFilterChain.php(133): ArticleController->runAction()
#6 /data/Development/libs/yii-git/yii/framework/web/filters/CFilter.php(40): CFilterChain->run()
#7 /data/Development/libs/yii-git/yii/framework/web/CController.php(1145): CAccessControlFilter->filter()
#8 /data/Development/libs/yii-git/yii/framework/web/filters/CInlineFilter.php(58): ArticleController->filterAccessControl()
#9 /data/Development/libs/yii-git/yii/framework/web/filters/CFilterChain.php(130): CInlineFilter->filter()
#10 /data/Development/libs/yii-git/yii/framework/web/CController.php(291): CFilterChain->run()
#11 /data/Development/libs/yii-git/yii/framework/web/CController.php(265): ArticleController->runActionWithFilters()
#12 /data/Development/libs/yii-git/yii/framework/web/CWebApplication.php(282): ArticleController->run()
#13 /data/Development/libs/yii-git/yii/framework/web/CWebApplication.php(141): CWebApplication->runController()
#14 /data/Development/libs/yii-git/yii/framework/base/CApplication.php(180): CWebApplication->processRequest()
#15 /data/Development/YiiProject4/index.php(13): CWebApplication->run()
REQUEST_URI=/YiiProject4/index.php?r=article/showArticles
in /data/Development/YiiProject4/protected/views/article/showArticles.php (26)
in /data/Development/YiiProject4/protected/controllers/ArticleController.php (181)
in /data/Development/YiiProject4/index.php (13)
2013/08/26 14:47:24 [error] [exception.CHttpException.400] exception 'CHttpException' with message 'Your request is invalid.' in /data/Development/libs/yii-git/yii/framework/web/CController.php:336
Stack trace:
#0 /data/Development/libs/yii-git/yii/framework/web/CController.php(309): CController->invalidActionParams(Object(CInlineAction))
#1 /data/Development/libs/yii-git/yii/framework/web/filters/CFilterChain.php(133): CController->runAction(Object(CInlineAction))
#2 /data/Development/libs/yii-git/yii/framework/web/filters/CFilter.php(40): CFilterChain->run()
#3 /data/Development/libs/yii-git/yii/framework/web/CController.php(1145): CFilter->filter(Object(CFilterChain))
#4 /data/Development/libs/yii-git/yii/framework/web/filters/CInlineFilter.php(58): CController->filterAccessControl(Object(CFilterChain))
#5 /data/Development/libs/yii-git/yii/framework/web/filters/CFilterChain.php(130): CInlineFilter->filter(Object(CFilterChain))
#6 /data/Development/libs/yii-git/yii/framework/web/CController.php(291): CFilterChain->run()
#7 /data/Development/libs/yii-git/yii/framework/web/CController.php(265): CController->runActionWithFilters(Object(CInlineAction), Array)
#8 /data/Development/libs/yii-git/yii/framework/web/CWebApplication.php(282): CController->run('update')
#9 /data/Development/libs/yii-git/yii/framework/web/CWebApplication.php(141): CWebApplication->runController('article/update')
#10 /data/Development/libs/yii-git/yii/framework/base/CApplication.php(180): CWebApplication->processRequest()
#11 /data/Development/YiiProject4/index.php(13): CApplication->run()
#12 {main}
REQUEST_URI=/YiiProject4/index.php?r=article/update
HTTP_REFERER=http://localhost/YiiProject4/index.php?r=article/showArticles
---
2013/08/26 14:50:30 [error] [php] Undefined variable: article (/data/Development/YiiProject4/protected/views/article/showArticles.php:48)
Stack trace:
#0 /data/Development/libs/yii-git/yii/framework/web/CBaseController.php(95): ArticleController->renderInternal()
#1 /data/Development/libs/yii-git/yii/framework/web/CController.php(869): ArticleController->renderFile()
#2 /data/Development/libs/yii-git/yii/framework/web/CController.php(782): ArticleController->renderPartial()
#3 /data/Development/YiiProject4/protected/controllers/ArticleController.php(181): ArticleController->render()
#4 /data/Development/libs/yii-git/yii/framework/web/actions/CInlineAction.php(49): ArticleController->actionShowArticles()
#5 /data/Development/libs/yii-git/yii/framework/web/CController.php(308): CInlineAction->runWithParams()
#6 /data/Development/libs/yii-git/yii/framework/web/filters/CFilterChain.php(133): ArticleController->runAction()
#7 /data/Development/libs/yii-git/yii/framework/web/filters/CFilter.php(40): CFilterChain->run()
#8 /data/Development/libs/yii-git/yii/framework/web/CController.php(1145): CAccessControlFilter->filter()
#9 /data/Development/libs/yii-git/yii/framework/web/filters/CInlineFilter.php(58): ArticleController->filterAccessControl()
#10 /data/Development/libs/yii-git/yii/framework/web/filters/CFilterChain.php(130): CInlineFilter->filter()
#11 /data/Development/libs/yii-git/yii/framework/web/CController.php(291): CFilterChain->run()
#12 /data/Development/libs/yii-git/yii/framework/web/CController.php(265): ArticleController->runActionWithFilters()
#13 /data/Development/libs/yii-git/yii/framework/web/CWebApplication.php(282): ArticleController->run()
#14 /data/Development/libs/yii-git/yii/framework/web/CWebApplication.php(141): CWebApplication->runController()
#15 /data/Development/libs/yii-git/yii/framework/base/CApplication.php(180): CWebApplication->processRequest()
#16 /data/Development/YiiProject4/index.php(13): CWebApplication->run()
REQUEST_URI=/YiiProject4/index.php?r=article/showArticles
in /data/Development/YiiProject4/protected/views/article/showArticles.php (48)
in /data/Development/YiiProject4/protected/views/article/showArticles.php (34)
in /data/Development/YiiProject4/protected/controllers/ArticleController.php (181)
2013/08/26 14:51:10 [error] [php] Missing argument 1 for insertUpdateLink(), called in /data/Development/YiiProject4/protected/views/article/showArticles.php on line 39 and defined (/data/Development/YiiProject4/protected/views/article/showArticles.php:45)
Stack trace:
#0 /data/Development/libs/yii-git/yii/framework/web/CBaseController.php(95): ArticleController->renderInternal()
#1 /data/Development/libs/yii-git/yii/framework/web/CController.php(869): ArticleController->renderFile()
#2 /data/Development/libs/yii-git/yii/framework/web/CController.php(782): ArticleController->renderPartial()
#3 /data/Development/YiiProject4/protected/controllers/ArticleController.php(181): ArticleController->render()
#4 /data/Development/libs/yii-git/yii/framework/web/actions/CInlineAction.php(49): ArticleController->actionShowArticles()
#5 /data/Development/libs/yii-git/yii/framework/web/CController.php(308): CInlineAction->runWithParams()
#6 /data/Development/libs/yii-git/yii/framework/web/filters/CFilterChain.php(133): ArticleController->runAction()
#7 /data/Development/libs/yii-git/yii/framework/web/filters/CFilter.php(40): CFilterChain->run()
#8 /data/Development/libs/yii-git/yii/framework/web/CController.php(1145): CAccessControlFilter->filter()
#9 /data/Development/libs/yii-git/yii/framework/web/filters/CInlineFilter.php(58): ArticleController->filterAccessControl()
#10 /data/Development/libs/yii-git/yii/framework/web/filters/CFilterChain.php(130): CInlineFilter->filter()
#11 /data/Development/libs/yii-git/yii/framework/web/CController.php(291): CFilterChain->run()
#12 /data/Development/libs/yii-git/yii/framework/web/CController.php(265): ArticleController->runActionWithFilters()
#13 /data/Development/libs/yii-git/yii/framework/web/CWebApplication.php(282): ArticleController->run()
#14 /data/Development/libs/yii-git/yii/framework/web/CWebApplication.php(141): CWebApplication->runController()
#15 /data/Development/libs/yii-git/yii/framework/base/CApplication.php(180): CWebApplication->processRequest()
#16 /data/Development/YiiProject4/index.php(13): CWebApplication->run()
REQUEST_URI=/YiiProject4/index.php?r=article/showArticles
in /data/Development/YiiProject4/protected/views/article/showArticles.php (45)
in /data/Development/YiiProject4/protected/views/article/showArticles.php (39)
in /data/Development/YiiProject4/protected/controllers/ArticleController.php (181)
